#
# There is insufficient memory for the Java Runtime Environment to continue.
# Native memory allocation (malloc) failed to allocate 32744 bytes for ChunkPool::allocate
# Possible reasons:
#   The system is out of physical RAM or swap space
#   The process is running with CompressedOops enabled, and the Java Heap may be blocking the growth of the native heap
# Possible solutions:
#   Reduce memory load on the system
#   Increase physical memory or swap space
#   Check if swap backing store is full
#   Decrease Java heap size (-Xmx/-Xms)
#   Decrease number of Java threads
#   Decrease Java thread stack sizes (-Xss)
#   Set larger code cache with -XX:ReservedCodeCacheSize=
#   JVM is running with Unscaled Compressed Oops mode in which the Java heap is
#     placed in the first 4GB address space. The Java Heap base address is the
#     maximum limit for the native heap growth. Please use -XX:HeapBaseMinAddress
#     to set the Java Heap base and to place the Java Heap above 4GB virtual address.
# This output file may be truncated or incomplete.
#
#  Out of Memory Error (allocation.cpp:272), pid=11060, tid=0x00000000000012d8
#
# JRE version: OpenJDK Runtime Environment (8.0_202-b03) (build 1.8.0_202-release-1483-b03)
# Java VM: OpenJDK 64-Bit Server VM (25.202-b03 mixed mode windows-amd64 compressed oops)
# Failed to write core dump. Minidumps are not enabled by default on client versions of Windows
#

---------------  T H R E A D  ---------------

Current thread (0x0000000016608000):  JavaThread "C2 CompilerThread0" daemon [_thread_in_native, id=4824, stack(0x0000000017c70000,0x0000000017d70000)]

Stack: [0x0000000017c70000,0x0000000017d70000]
[error occurred during error reporting (printing stack bounds), id 0xc0000005]

Native frames: (J=compiled Java code, j=interpreted, Vv=VM code, C=native code)


Current CompileTask:
C2:   6836 1409       4       java.net.URLClassLoader$1::run (5 bytes)


---------------  P R O C E S S  ---------------

Java Threads: ( => current thread )
  0x00000000193c5000 JavaThread "Cache worker for journal cache (C:\Users\Alva Gani\.gradle\caches\journal-1)" [_thread_blocked, id=6604, stack(0x000000001b4c0000,0x000000001b5c0000)]
  0x00000000193c7000 JavaThread "File lock request listener" [_thread_in_native, id=9536, stack(0x000000001b2c0000,0x000000001b3c0000)]
  0x00000000193c8800 JavaThread "Cache worker for file hash cache (C:\Users\Alva Gani\.gradle\caches\5.4.1\fileHashes)" [_thread_blocked, id=2980, stack(0x000000001b1c0000,0x000000001b2c0000)]
  0x0000000019424800 JavaThread "Thread-9" [_thread_blocked, id=13216, stack(0x000000001aec0000,0x000000001afc0000)]
  0x0000000019421800 JavaThread "Stdin handler" [_thread_blocked, id=1772, stack(0x000000001adc0000,0x000000001aec0000)]
  0x00000000197e8000 JavaThread "Asynchronous log dispatcher for DefaultDaemonConnection: socket connection from /127.0.0.1:49349 to /127.0.0.1:49351" [_thread_blocked, id=11836, stack(0x000000001acc0000,0x000000001adc0000)]
  0x00000000197e5800 JavaThread "Daemon worker" [_thread_in_native, id=9416, stack(0x000000001abc0000,0x000000001acc0000)]
  0x00000000182f9000 JavaThread "Cancel handler" [_thread_blocked, id=3556, stack(0x000000001aac0000,0x000000001abc0000)]
  0x0000000018199800 JavaThread "Handler for socket connection from /127.0.0.1:49349 to /127.0.0.1:49351" [_thread_in_native, id=13928, stack(0x000000001a7c0000,0x000000001a8c0000)]
  0x000000001875c800 JavaThread "Daemon" [_thread_blocked, id=8220, stack(0x000000001a6c0000,0x000000001a7c0000)]
  0x000000001871b800 JavaThread "Daemon periodic checks" [_thread_blocked, id=13824, stack(0x000000001a5c0000,0x000000001a6c0000)]
  0x0000000018772800 JavaThread "Incoming local TCP Connector on port 49349" [_thread_in_native, id=4352, stack(0x000000001a380000,0x000000001a480000)]
  0x000000001937e800 JavaThread "Daemon health stats" [_thread_blocked, id=6152, stack(0x0000000019d40000,0x0000000019e40000)]
  0x000000001666b800 JavaThread "Service Thread" daemon [_thread_blocked, id=5072, stack(0x0000000018370000,0x0000000018470000)]
  0x0000000016610000 JavaThread "C1 CompilerThread2" daemon [_thread_blocked, id=12032, stack(0x0000000017e70000,0x0000000017f70000)]
  0x000000001660c000 JavaThread "C2 CompilerThread1" daemon [_thread_in_native, id=7328, stack(0x0000000017d70000,0x0000000017e70000)]
=>0x0000000016608000 JavaThread "C2 CompilerThread0" daemon [_thread_in_native, id=4824, stack(0x0000000017c70000,0x0000000017d70000)]
  0x0000000016616000 JavaThread "Attach Listener" daemon [_thread_blocked, id=13040, stack(0x0000000017b70000,0x0000000017c70000)]
  0x0000000016614800 JavaThread "Signal Dispatcher" daemon [_thread_blocked, id=10712, stack(0x0000000017a70000,0x0000000017b70000)]
  0x0000000002c9b000 JavaThread "Finalizer" daemon [_thread_blocked, id=7116, stack(0x0000000017880000,0x0000000017980000)]
  0x00000000165f9000 JavaThread "Reference Handler" daemon [_thread_blocked, id=4436, stack(0x0000000017780000,0x0000000017880000)]
  0x0000000002b9e000 JavaThread "main" [_thread_blocked, id=11484, stack(0x00000000029c0000,0x0000000002ac0000)]

Other Threads:
  0x00000000165d6000 VMThread [stack: 0x0000000017680000,0x0000000017780000] [id=11212]
  0x000000001666c800 WatcherThread [stack: 0x0000000018470000,0x0000000018570000] [id=7772]

VM state:not at safepoint (normal execution)

VM Mutex/Monitor currently owned by a thread: None

heap address: 0x00000000a0000000, size: 1536 MB, Compressed Oops mode: 32-bit
Narrow klass base: 0x0000000000000000, Narrow klass shift: 3
Compressed class space size: 1073741824 Address: 0x0000000100000000

Heap:
 PSYoungGen      total 38400K, used 12814K [0x00000000e0000000, 0x00000000e2a80000, 0x0000000100000000)
  eden space 33280K, 23% used [0x00000000e0000000,0x00000000e0784be0,0x00000000e2080000)
  from space 5120K, 99% used [0x00000000e2080000,0x00000000e257efa8,0x00000000e2580000)
  to   space 5120K, 0% used [0x00000000e2580000,0x00000000e2580000,0x00000000e2a80000)
 ParOldGen       total 87552K, used 1784K [0x00000000a0000000, 0x00000000a5580000, 0x00000000e0000000)
  object space 87552K, 2% used [0x00000000a0000000,0x00000000a01be170,0x00000000a5580000)
 Metaspace       used 14004K, capacity 14416K, committed 14720K, reserved 1062912K
  class space    used 1934K, capacity 2062K, committed 2176K, reserved 1048576K

Card table byte_map: [0x0000000012060000,0x0000000012370000] byte_map_base: 0x0000000011b60000

Marking Bits: (ParMarkBitMap*) 0x0000000065329f30
 Begin Bits: [0x0000000012970000, 0x0000000014170000)
 End Bits:   [0x0000000014170000, 0x0000000015970000)

Polling page: 0x0000000000ec0000

CodeCache: size=245760Kb used=4950Kb max_used=4961Kb free=240809Kb
 bounds [0x0000000002ca0000, 0x0000000003180000, 0x0000000011ca0000]
 total_blobs=1787 nmethods=1407 adapters=293
 compilation: enabled

Compilation events (10 events):
Event: 6.783 Thread 0x0000000016610000 1404       3       java.util.concurrent.locks.ReentrantLock$Sync::tryRelease (45 bytes)
Event: 6.783 Thread 0x0000000016610000 nmethod 1404 0x0000000003174d10 code [0x0000000003174ea0, 0x0000000003175448]
Event: 6.783 Thread 0x0000000016610000 1405       3       sun.nio.fs.WindowsPathParser::isSlash (18 bytes)
Event: 6.783 Thread 0x0000000016610000 nmethod 1405 0x0000000003174990 code [0x0000000003174ae0, 0x0000000003174cb0]
Event: 6.787 Thread 0x0000000016610000 1406       3       java.util.HashMap$KeyIterator::next (8 bytes)
Event: 6.788 Thread 0x0000000016610000 nmethod 1406 0x0000000003174550 code [0x00000000031746c0, 0x00000000031748c8]
Event: 6.794 Thread 0x000000001660c000 1407   !   4       java.net.URLClassLoader$1::run (63 bytes)
Event: 6.794 Thread 0x0000000016608000 1408   !   4       java.net.URLClassLoader::findClass (47 bytes)
Event: 6.797 Thread 0x0000000016608000 nmethod 1408 0x000000000317a850 code [0x000000000317a9e0, 0x000000000317abd8]
Event: 6.797 Thread 0x0000000016608000 1409       4       java.net.URLClassLoader$1::run (5 bytes)

GC Heap History (6 events):
Event: 2.359 GC heap before
{Heap before GC invocations=1 (full 0):
 PSYoungGen      total 38400K, used 33280K [0x00000000e0000000, 0x00000000e2a80000, 0x0000000100000000)
  eden space 33280K, 100% used [0x00000000e0000000,0x00000000e2080000,0x00000000e2080000)
  from space 5120K, 0% used [0x00000000e2580000,0x00000000e2580000,0x00000000e2a80000)
  to   space 5120K, 0% used [0x00000000e2080000,0x00000000e2080000,0x00000000e2580000)
 ParOldGen       total 87552K, used 0K [0x00000000a0000000, 0x00000000a5580000, 0x00000000e0000000)
  object space 87552K, 0% used [0x00000000a0000000,0x00000000a0000000,0x00000000a5580000)
 Metaspace       used 6967K, capacity 7168K, committed 7424K, reserved 1056768K
  class space    used 850K, capacity 908K, committed 1024K, reserved 1048576K
Event: 2.369 GC heap after
Heap after GC invocations=1 (full 0):
 PSYoungGen      total 38400K, used 4253K [0x00000000e0000000, 0x00000000e2a80000, 0x0000000100000000)
  eden space 33280K, 0% used [0x00000000e0000000,0x00000000e0000000,0x00000000e2080000)
  from space 5120K, 83% used [0x00000000e2080000,0x00000000e24a7438,0x00000000e2580000)
  to   space 5120K, 0% used [0x00000000e2580000,0x00000000e2580000,0x00000000e2a80000)
 ParOldGen       total 87552K, used 8K [0x00000000a0000000, 0x00000000a5580000, 0x00000000e0000000)
  object space 87552K, 0% used [0x00000000a0000000,0x00000000a0002000,0x00000000a5580000)
 Metaspace       used 6967K, capacity 7168K, committed 7424K, reserved 1056768K
  class space    used 850K, capacity 908K, committed 1024K, reserved 1048576K
}
Event: 3.540 GC heap before
{Heap before GC invocations=2 (full 0):
 PSYoungGen      total 38400K, used 37533K [0x00000000e0000000, 0x00000000e2a80000, 0x0000000100000000)
  eden space 33280K, 100% used [0x00000000e0000000,0x00000000e2080000,0x00000000e2080000)
  from space 5120K, 83% used [0x00000000e2080000,0x00000000e24a7438,0x00000000e2580000)
  to   space 5120K, 0% used [0x00000000e2580000,0x00000000e2580000,0x00000000e2a80000)
 ParOldGen       total 87552K, used 8K [0x00000000a0000000, 0x00000000a5580000, 0x00000000e0000000)
  object space 87552K, 0% used [0x00000000a0000000,0x00000000a0002000,0x00000000a5580000)
 Metaspace       used 8591K, capacity 8794K, committed 8960K, reserved 1056768K
  class space    used 1104K, capacity 1173K, committed 1280K, reserved 1048576K
Event: 3.559 GC heap after
Heap after GC invocations=2 (full 0):
 PSYoungGen      total 38400K, used 4285K [0x00000000e0000000, 0x00000000e2a80000, 0x0000000100000000)
  eden space 33280K, 0% used [0x00000000e0000000,0x00000000e0000000,0x00000000e2080000)
  from space 5120K, 83% used [0x00000000e2580000,0x00000000e29af7d0,0x00000000e2a80000)
  to   space 5120K, 0% used [0x00000000e2080000,0x00000000e2080000,0x00000000e2580000)
 ParOldGen       total 87552K, used 16K [0x00000000a0000000, 0x00000000a5580000, 0x00000000e0000000)
  object space 87552K, 0% used [0x00000000a0000000,0x00000000a0004000,0x00000000a5580000)
 Metaspace       used 8591K, capacity 8794K, committed 8960K, reserved 1056768K
  class space    used 1104K, capacity 1173K, committed 1280K, reserved 1048576K
}
Event: 6.169 GC heap before
{Heap before GC invocations=3 (full 0):
 PSYoungGen      total 38400K, used 37565K [0x00000000e0000000, 0x00000000e2a80000, 0x0000000100000000)
  eden space 33280K, 100% used [0x00000000e0000000,0x00000000e2080000,0x00000000e2080000)
  from space 5120K, 83% used [0x00000000e2580000,0x00000000e29af7d0,0x00000000e2a80000)
  to   space 5120K, 0% used [0x00000000e2080000,0x00000000e2080000,0x00000000e2580000)
 ParOldGen       total 87552K, used 16K [0x00000000a0000000, 0x00000000a5580000, 0x00000000e0000000)
  object space 87552K, 0% used [0x00000000a0000000,0x00000000a0004000,0x00000000a5580000)
 Metaspace       used 13221K, capacity 13616K, committed 13824K, reserved 1060864K
  class space    used 1819K, capacity 1966K, committed 2048K, reserved 1048576K
Event: 6.242 GC heap after
Heap after GC invocations=3 (full 0):
 PSYoungGen      total 38400K, used 5115K [0x00000000e0000000, 0x00000000e2a80000, 0x0000000100000000)
  eden space 33280K, 0% used [0x00000000e0000000,0x00000000e0000000,0x00000000e2080000)
  from space 5120K, 99% used [0x00000000e2080000,0x00000000e257efa8,0x00000000e2580000)
  to   space 5120K, 0% used [0x00000000e2580000,0x00000000e2580000,0x00000000e2a80000)
 ParOldGen       total 87552K, used 1784K [0x00000000a0000000, 0x00000000a5580000, 0x00000000e0000000)
  object space 87552K, 2% used [0x00000000a0000000,0x00000000a01be170,0x00000000a5580000)
 Metaspace       used 13221K, capacity 13616K, committed 13824K, reserved 1060864K
  class space    used 1819K, capacity 1966K, committed 2048K, reserved 1048576K
}

Deoptimization events (10 events):
Event: 4.205 Thread 0x0000000002b9e000 Uncommon trap: reason=unstable_if action=reinterpret pc=0x0000000002fb84c0 method=java.io.WinNTFileSystem.normalize(Ljava/lang/String;)Ljava/lang/String; @ 128
Event: 4.205 Thread 0x0000000002b9e000 Uncommon trap: reason=unstable_if action=reinterpret pc=0x0000000002fc1178 method=java.io.WinNTFileSystem.normalize(Ljava/lang/String;II)Ljava/lang/String; @ 90
Event: 5.025 Thread 0x0000000018199800 Uncommon trap: reason=unstable_if action=reinterpret pc=0x000000000306f230 method=java.util.concurrent.ConcurrentHashMap.putVal(Ljava/lang/Object;Ljava/lang/Object;Z)Ljava/lang/Object; @ 206
Event: 5.215 Thread 0x00000000197e5800 Uncommon trap: reason=bimorphic action=maybe_recompile pc=0x0000000002f3da78 method=java.util.HashMap.putVal(ILjava/lang/Object;Ljava/lang/Object;ZZ)Ljava/lang/Object; @ 253
Event: 5.216 Thread 0x00000000197e5800 Uncommon trap: reason=bimorphic action=maybe_recompile pc=0x0000000002f3da78 method=java.util.HashMap.putVal(ILjava/lang/Object;Ljava/lang/Object;ZZ)Ljava/lang/Object; @ 253
Event: 5.216 Thread 0x00000000197e5800 Uncommon trap: reason=bimorphic action=maybe_recompile pc=0x0000000002f3da78 method=java.util.HashMap.putVal(ILjava/lang/Object;Ljava/lang/Object;ZZ)Ljava/lang/Object; @ 253
Event: 6.277 Thread 0x00000000197e5800 Uncommon trap: reason=class_check action=maybe_recompile pc=0x0000000002f8a118 method=java.util.regex.Matcher.match(II)Z @ 86
Event: 6.425 Thread 0x00000000197e5800 Uncommon trap: reason=class_check action=maybe_recompile pc=0x0000000002f8a118 method=java.util.regex.Matcher.match(II)Z @ 86
Event: 6.479 Thread 0x00000000197e5800 Uncommon trap: reason=class_check action=maybe_recompile pc=0x0000000002f8a118 method=java.util.regex.Matcher.match(II)Z @ 86
Event: 6.480 Thread 0x00000000197e5800 Uncommon trap: reason=class_check action=maybe_recompile pc=0x0000000002f4f05c method=java.util.regex.Matcher.match(II)Z @ 86

Classes redefined (0 events):
No events

Internal exceptions (10 events):
Event: 5.029 Thread 0x0000000018199800 Exception <a 'java/lang/NoSuchMethodError': <clinit>> (0x00000000e0bde0e8) thrown at [D:\src\AOSP-openjdk-cygwin\jdk8u\hotspot\src\share\vm\prims\jni.cpp, line 1614]
Event: 5.031 Thread 0x0000000018199800 Exception <a 'java/lang/NoSuchMethodError': <clinit>> (0x00000000e0bf2fc8) thrown at [D:\src\AOSP-openjdk-cygwin\jdk8u\hotspot\src\share\vm\prims\jni.cpp, line 1614]
Event: 5.037 Thread 0x0000000018199800 Exception <a 'java/lang/NoSuchMethodError': <clinit>> (0x00000000e0c06610) thrown at [D:\src\AOSP-openjdk-cygwin\jdk8u\hotspot\src\share\vm\prims\jni.cpp, line 1614]
Event: 5.043 Thread 0x0000000018199800 Exception <a 'java/lang/NoSuchMethodError': <clinit>> (0x00000000e0c2da38) thrown at [D:\src\AOSP-openjdk-cygwin\jdk8u\hotspot\src\share\vm\prims\jni.cpp, line 1614]
Event: 5.046 Thread 0x0000000018199800 Exception <a 'java/lang/NoSuchMethodError': <clinit>> (0x00000000e0c45b08) thrown at [D:\src\AOSP-openjdk-cygwin\jdk8u\hotspot\src\share\vm\prims\jni.cpp, line 1614]
Event: 5.047 Thread 0x0000000018199800 Exception <a 'java/lang/NoSuchMethodError': <clinit>> (0x00000000e0c4e798) thrown at [D:\src\AOSP-openjdk-cygwin\jdk8u\hotspot\src\share\vm\prims\jni.cpp, line 1614]
Event: 5.049 Thread 0x0000000018199800 Exception <a 'java/lang/NoSuchMethodError': <clinit>> (0x00000000e0c64e18) thrown at [D:\src\AOSP-openjdk-cygwin\jdk8u\hotspot\src\share\vm\prims\jni.cpp, line 1614]
Event: 5.065 Thread 0x0000000018199800 Exception <a 'java/lang/NoSuchMethodError': <clinit>> (0x00000000e0cccb80) thrown at [D:\src\AOSP-openjdk-cygwin\jdk8u\hotspot\src\share\vm\prims\jni.cpp, line 1614]
Event: 5.076 Thread 0x0000000018199800 Exception <a 'java/lang/NoSuchMethodError': <clinit>> (0x00000000e0cf94e0) thrown at [D:\src\AOSP-openjdk-cygwin\jdk8u\hotspot\src\share\vm\prims\jni.cpp, line 1614]
Event: 5.087 Thread 0x0000000018199800 Exception <a 'java/lang/NoSuchMethodError': <clinit>> (0x00000000e0d15fa8) thrown at [D:\src\AOSP-openjdk-cygwin\jdk8u\hotspot\src\share\vm\prims\jni.cpp, line 1614]

Events (10 events):
Event: 6.797 loading class org/gradle/internal/operations/notify/BuildOperationStartedNotification
Event: 6.797 loading class org/gradle/internal/operations/notify/BuildOperationStartedNotification done
Event: 6.798 loading class org/gradle/api/internal/BuildDefinition
Event: 6.798 loading class org/gradle/api/internal/BuildDefinition done
Event: 6.800 loading class org/gradle/plugin/management/internal/DefaultPluginRequests
Event: 6.800 loading class org/gradle/plugin/management/internal/DefaultPluginRequests done
Event: 6.801 loading class org/gradle/plugin/management/internal/PluginRequests
Event: 6.801 loading class org/gradle/plugin/management/internal/PluginRequests done
Event: 6.801 loading class org/gradle/plugin/management/internal/DefaultPluginRequests$EmptyPluginRequests
Event: 6.802 loading class org/gradle/plugin/management/internal/DefaultPluginRequests$EmptyPluginRequests done


Dynamic libraries:
0x00007ff75ead0000 - 0x00007ff75eb01000 	C:\Program Files\Android\Android Studio\jre\bin\java.exe
0x00007ff8ff040000 - 0x00007ff8ff221000 	C:\Windows\SYSTEM32\ntdll.dll
0x00007ff8e4cb0000 - 0x00007ff8e4cc4000 	C:\Program Files\AVAST Software\Avast\aswhook.dll
0x00007ff8fc780000 - 0x00007ff8fc831000 	C:\Windows\System32\KERNEL32.DLL
0x00007ff8fb490000 - 0x00007ff8fb703000 	C:\Windows\System32\KERNELBASE.dll
0x00007ff8fcc20000 - 0x00007ff8fccc1000 	C:\Windows\System32\ADVAPI32.dll
0x00007ff8fccd0000 - 0x00007ff8fcd6e000 	C:\Windows\System32\msvcrt.dll
0x00007ff8fe5e0000 - 0x00007ff8fe63b000 	C:\Windows\System32\sechost.dll
0x00007ff8fc650000 - 0x00007ff8fc774000 	C:\Windows\System32\RPCRT4.dll
0x00007ff8fc4b0000 - 0x00007ff8fc641000 	C:\Windows\System32\USER32.dll
0x00007ff8fba80000 - 0x00007ff8fbaa0000 	C:\Windows\System32\win32u.dll
0x00007ff8fe810000 - 0x00007ff8fe838000 	C:\Windows\System32\GDI32.dll
0x00007ff8fb810000 - 0x00007ff8fb9a1000 	C:\Windows\System32\gdi32full.dll
0x00007ff8fb3f0000 - 0x00007ff8fb48f000 	C:\Windows\System32\msvcp_win.dll
0x00007ff8fb710000 - 0x00007ff8fb808000 	C:\Windows\System32\ucrtbase.dll
0x00007ff8e47d0000 - 0x00007ff8e4a39000 	C:\Windows\WinSxS\amd64_microsoft.windows.common-controls_6595b64144ccf1df_6.0.17134.1098_none_d4048e017c8c2390\COMCTL32.dll
0x00007ff8fc8d0000 - 0x00007ff8fcbf1000 	C:\Windows\System32\combase.dll
0x00007ff8fba00000 - 0x00007ff8fba79000 	C:\Windows\System32\bcryptPrimitives.dll
0x00007ff8fcdd0000 - 0x00007ff8fcdfd000 	C:\Windows\System32\IMM32.DLL
0x00000000649a0000 - 0x0000000064a72000 	C:\Program Files\Android\Android Studio\jre\jre\bin\msvcr100.dll
0x0000000064b60000 - 0x00000000653a6000 	C:\Program Files\Android\Android Studio\jre\jre\bin\server\jvm.dll
0x00007ff8fe530000 - 0x00007ff8fe538000 	C:\Windows\System32\PSAPI.DLL
0x00007ff8e8190000 - 0x00007ff8e8199000 	C:\Windows\SYSTEM32\WSOCK32.dll
0x00007ff8fefa0000 - 0x00007ff8ff00c000 	C:\Windows\System32\WS2_32.dll
0x00007ff8f6180000 - 0x00007ff8f61a3000 	C:\Windows\SYSTEM32\WINMM.dll
0x00007ff8ee200000 - 0x00007ff8ee20a000 	C:\Windows\SYSTEM32\VERSION.dll
0x00007ff8f6070000 - 0x00007ff8f609a000 	C:\Windows\SYSTEM32\WINMMBASE.dll
0x00007ff8fb9b0000 - 0x00007ff8fb9f9000 	C:\Windows\System32\cfgmgr32.dll
0x00007ff8f4990000 - 0x00007ff8f499f000 	C:\Program Files\Android\Android Studio\jre\jre\bin\verify.dll
0x00007ff8ddce0000 - 0x00007ff8ddd09000 	C:\Program Files\Android\Android Studio\jre\jre\bin\java.dll
0x00007ff8f0d50000 - 0x00007ff8f0d66000 	C:\Program Files\Android\Android Studio\jre\jre\bin\zip.dll
0x00007ff8fcf80000 - 0x00007ff8fe3c5000 	C:\Windows\System32\SHELL32.dll
0x00007ff8feef0000 - 0x00007ff8fef99000 	C:\Windows\System32\shcore.dll
0x00007ff8fbda0000 - 0x00007ff8fc4b0000 	C:\Windows\System32\windows.storage.dll
0x00007ff8fee30000 - 0x00007ff8fee81000 	C:\Windows\System32\shlwapi.dll
0x00007ff8fb3b0000 - 0x00007ff8fb3c1000 	C:\Windows\System32\kernel.appcore.dll
0x00007ff8fb3d0000 - 0x00007ff8fb3ef000 	C:\Windows\System32\profapi.dll
0x00007ff8fb360000 - 0x00007ff8fb3ac000 	C:\Windows\System32\powrprof.dll
0x00007ff8fb330000 - 0x00007ff8fb33a000 	C:\Windows\System32\FLTLIB.DLL
0x00007ff8ec380000 - 0x00007ff8ec39a000 	C:\Program Files\Android\Android Studio\jre\jre\bin\net.dll
0x00007ff8fab50000 - 0x00007ff8fabb6000 	C:\Windows\system32\mswsock.dll
0x00007ff8eb2b0000 - 0x00007ff8eb2c1000 	C:\Program Files\Android\Android Studio\jre\jre\bin\nio.dll
0x00007ff8cba10000 - 0x00007ff8cba36000 	C:\Users\Alva Gani\.gradle\native\29\windows-amd64\native-platform.dll
0x00007ff8f1490000 - 0x00007ff8f149d000 	C:\Program Files\Android\Android Studio\jre\jre\bin\management.dll
0x00007ff8fad00000 - 0x00007ff8fad17000 	C:\Windows\SYSTEM32\CRYPTSP.dll
0x00007ff8fa700000 - 0x00007ff8fa733000 	C:\Windows\system32\rsaenh.dll
0x00007ff8fae90000 - 0x00007ff8faeb5000 	C:\Windows\SYSTEM32\bcrypt.dll
0x00007ff8fb230000 - 0x00007ff8fb258000 	C:\Windows\SYSTEM32\USERENV.dll
0x00007ff8fad20000 - 0x00007ff8fad2b000 	C:\Windows\SYSTEM32\CRYPTBASE.dll
0x00007ff8fa8a0000 - 0x00007ff8fa8d8000 	C:\Windows\SYSTEM32\IPHLPAPI.DLL
0x00007ff8fe800000 - 0x00007ff8fe808000 	C:\Windows\System32\NSI.dll
0x00007ff8ecce0000 - 0x00007ff8eccf6000 	C:\Windows\SYSTEM32\dhcpcsvc6.DLL
0x00007ff8edd00000 - 0x00007ff8edd1a000 	C:\Windows\SYSTEM32\dhcpcsvc.DLL

VM Arguments:
jvm_args: -Xmx1536m -Dfile.encoding=windows-1252 -Duser.country=ID -Duser.language=en -Duser.variant 
java_command: org.gradle.launcher.daemon.bootstrap.GradleDaemon 5.4.1
java_class_path (initial): C:\Users\Alva Gani\.gradle\wrapper\dists\gradle-5.4.1-all\3221gyojl5jsh0helicew7rwx\gradle-5.4.1\lib\gradle-launcher-5.4.1.jar
Launcher Type: SUN_STANDARD

Environment Variables:
PATH=C:\ProgramData\Oracle\Java\javapath;C:\Windows\system32;C:\Windows;C:\Windows\System32\Wbem;C:\Windows\System32\WindowsPowerShell\v1.0\;C:\Windows\System32\OpenSSH\;C:\Go\bin;C:\Program Files (x86)\Rational\common;C:\Users\Alva Gani\AppData\Local\Microsoft\WindowsApps;C:\Users\Alva Gani\go\bin;C:\Users\Alva Gani\AppData\Local\Programs\Microsoft VS Code\bin
USERNAME=Alva Gani
OS=Windows_NT
PROCESSOR_IDENTIFIER=Intel64 Family 6 Model 78 Stepping 3, GenuineIntel



---------------  S Y S T E M  ---------------

OS: Windows 10.0 , 64 bit Build 17134 (10.0.17134.753)

CPU:total 4 (initial active 4) (2 cores per cpu, 2 threads per core) family 6 model 78 stepping 3, cmov, cx8, fxsr, mmx, sse, sse2, sse3, ssse3, sse4.1, sse4.2, popcnt, avx, avx2, aes, clmul, erms, 3dnowpref, lzcnt, ht, tsc, tscinvbit, bmi1, bmi2, adx

Memory: 4k page, physical 8282712k(695808k free), swap 33448536k(5124k free)

vm_info: OpenJDK 64-Bit Server VM (25.202-b03) for windows-amd64 JRE (1.8.0_202-release-1483-b03), built by "builder" with MS VC++ 10.0 (VS2010)

time: Wed Nov 20 15:53:35 2019
timezone: SE Asia Standard Time
elapsed time: 6 seconds (0d 0h 0m 6s)

