#
# There is insufficient memory for the Java Runtime Environment to continue.
# Native memory allocation (malloc) failed to allocate 32744 bytes for ChunkPool::allocate
# Possible reasons:
#   The system is out of physical RAM or swap space
#   The process is running with CompressedOops enabled, and the Java Heap may be blocking the growth of the native heap
# Possible solutions:
#   Reduce memory load on the system
#   Increase physical memory or swap space
#   Check if swap backing store is full
#   Decrease Java heap size (-Xmx/-Xms)
#   Decrease number of Java threads
#   Decrease Java thread stack sizes (-Xss)
#   Set larger code cache with -XX:ReservedCodeCacheSize=
#   JVM is running with Unscaled Compressed Oops mode in which the Java heap is
#     placed in the first 4GB address space. The Java Heap base address is the
#     maximum limit for the native heap growth. Please use -XX:HeapBaseMinAddress
#     to set the Java Heap base and to place the Java Heap above 4GB virtual address.
# This output file may be truncated or incomplete.
#
#  Out of Memory Error (allocation.cpp:272), pid=8616, tid=0x00000000000020d8
#
# JRE version: OpenJDK Runtime Environment (8.0_202-b03) (build 1.8.0_202-release-1483-b03)
# Java VM: OpenJDK 64-Bit Server VM (25.202-b03 mixed mode windows-amd64 compressed oops)
# Failed to write core dump. Minidumps are not enabled by default on client versions of Windows
#

---------------  T H R E A D  ---------------

Current thread (0x0000000015fe8800):  JavaThread "C2 CompilerThread0" daemon [_thread_in_native, id=8408, stack(0x0000000017630000,0x0000000017730000)]

Stack: [0x0000000017630000,0x0000000017730000]
[error occurred during error reporting (printing stack bounds), id 0xc0000005]

Native frames: (J=compiled Java code, j=interpreted, Vv=VM code, C=native code)


Current CompileTask:
C2:1767332 14665   !   4       java.nio.file.Files::walkFileTree (355 bytes)


---------------  P R O C E S S  ---------------

Java Threads: ( => current thread )
  0x000000001a5c9800 JavaThread "Cache worker for Build Output Cleanup Cache (C:\Users\Alva Gani\AndroidStudioProjects\Fragment\.gradle\buildOutputCleanup)" [_thread_blocked, id=13432, stack(0x000000002be20000,0x000000002bf20000)]
  0x000000001a5c7000 JavaThread "pool-11-thread-1" [_thread_blocked, id=480, stack(0x000000002bd20000,0x000000002be20000)]
  0x000000001a5bf800 JavaThread "Build operations Thread 4" [_thread_in_native, id=8888, stack(0x000000002bc20000,0x000000002bd20000)]
  0x000000001a5c5000 JavaThread "Build operations Thread 3" [_thread_blocked, id=11040, stack(0x000000002bb20000,0x000000002bc20000)]
  0x000000001a5c4000 JavaThread "Build operations Thread 2" [_thread_in_native, id=13736, stack(0x000000002ba20000,0x000000002bb20000)]
  0x000000001a5c6800 JavaThread "Build operations" [_thread_blocked, id=10316, stack(0x000000002b920000,0x000000002ba20000)]
  0x000000001a5c5800 JavaThread "Cache worker for cache directory md-rule (C:\Users\Alva Gani\.gradle\caches\5.4.1\md-rule)" [_thread_blocked, id=8516, stack(0x000000002b820000,0x000000002b920000)]
  0x000000001a5bc800 JavaThread "Cache worker for cache directory md-supplier (C:\Users\Alva Gani\.gradle\caches\5.4.1\md-supplier)" [_thread_blocked, id=8768, stack(0x000000002b720000,0x000000002b820000)]
  0x000000001a5c3800 JavaThread "Cache worker for file hash cache (C:\Users\Alva Gani\AndroidStudioProjects\Fragment\.gradle\5.4.1\fileHashes)" [_thread_blocked, id=9988, stack(0x000000002b620000,0x000000002b720000)]
  0x000000001a5c2000 JavaThread "Thread-97" [_thread_blocked, id=12728, stack(0x000000002b520000,0x000000002b620000)]
  0x000000001a5bb800 JavaThread "Stdin handler" [_thread_blocked, id=3180, stack(0x000000002b420000,0x000000002b520000)]
  0x000000001a5c2800 JavaThread "Asynchronous log dispatcher for DefaultDaemonConnection: socket connection from /127.0.0.1:64857 to /127.0.0.1:49174" [_thread_blocked, id=6984, stack(0x000000002b320000,0x000000002b420000)]
  0x000000001a5c1000 JavaThread "Daemon worker Thread 4" [_thread_in_vm, id=13048, stack(0x000000002b220000,0x000000002b320000)]
  0x000000001a5be800 JavaThread "Cancel handler" [_thread_blocked, id=7616, stack(0x000000002b120000,0x000000002b220000)]
  0x000000001a5c0000 JavaThread "Handler for socket connection from /127.0.0.1:64857 to /127.0.0.1:49174" [_thread_in_native, id=7128, stack(0x000000002b020000,0x000000002b120000)]
  0x000000001a5be000 JavaThread "Daemon Thread 4" [_thread_blocked, id=12240, stack(0x000000002af20000,0x000000002b020000)]
  0x000000001c2ca000 JavaThread "Memory manager" [_thread_blocked, id=328, stack(0x0000000022550000,0x0000000022650000)]
  0x0000000018796800 JavaThread "Cache worker for execution history cache (C:\Users\Alva Gani\.gradle\caches\5.4.1\executionHistory)" [_thread_blocked, id=14332, stack(0x000000001fdd0000,0x000000001fed0000)]
  0x0000000018792000 JavaThread "Cache worker for journal cache (C:\Users\Alva Gani\.gradle\caches\journal-1)" [_thread_blocked, id=13648, stack(0x000000001bc50000,0x000000001bd50000)]
  0x0000000018791000 JavaThread "File lock request listener" [_thread_in_native, id=9836, stack(0x000000001ba50000,0x000000001bb50000)]
  0x0000000018433800 JavaThread "Cache worker for file hash cache (C:\Users\Alva Gani\.gradle\caches\5.4.1\fileHashes)" [_thread_blocked, id=14188, stack(0x000000001b950000,0x000000001ba50000)]
  0x0000000018c54000 JavaThread "Daemon periodic checks" [_thread_blocked, id=1476, stack(0x000000001af50000,0x000000001b050000)]
  0x0000000018baa000 JavaThread "Incoming local TCP Connector on port 64857" [_thread_in_native, id=12176, stack(0x000000001ad10000,0x000000001ae10000)]
  0x000000001954c800 JavaThread "Daemon health stats" [_thread_blocked, id=5108, stack(0x000000001a6d0000,0x000000001a7d0000)]
  0x0000000017934800 JavaThread "Service Thread" daemon [_thread_blocked, id=8168, stack(0x0000000017d30000,0x0000000017e30000)]
  0x000000001603a800 JavaThread "C1 CompilerThread2" daemon [_thread_blocked, id=12360, stack(0x0000000017830000,0x0000000017930000)]
  0x000000001601c800 JavaThread "C2 CompilerThread1" daemon [_thread_in_native, id=13916, stack(0x0000000017730000,0x0000000017830000)]
=>0x0000000015fe8800 JavaThread "C2 CompilerThread0" daemon [_thread_in_native, id=8408, stack(0x0000000017630000,0x0000000017730000)]
  0x0000000015fe7000 JavaThread "Attach Listener" daemon [_thread_blocked, id=456, stack(0x0000000017530000,0x0000000017630000)]
  0x0000000015fe6000 JavaThread "Signal Dispatcher" daemon [_thread_blocked, id=13824, stack(0x0000000017430000,0x0000000017530000)]
  0x000000000266c800 JavaThread "Finalizer" daemon [_thread_blocked, id=5936, stack(0x0000000017240000,0x0000000017340000)]
  0x0000000015fc9800 JavaThread "Reference Handler" daemon [_thread_blocked, id=13368, stack(0x0000000017140000,0x0000000017240000)]
  0x00000000023be000 JavaThread "main" [_thread_blocked, id=3356, stack(0x0000000002470000,0x0000000002570000)]

Other Threads:
  0x0000000015fa6000 VMThread [stack: 0x0000000017040000,0x0000000017140000] [id=12064]
  0x0000000017935800 WatcherThread [stack: 0x0000000017e30000,0x0000000017f30000] [id=12212]

VM state:not at safepoint (normal execution)

VM Mutex/Monitor currently owned by a thread: None

heap address: 0x00000000a0000000, size: 1536 MB, Compressed Oops mode: 32-bit
Narrow klass base: 0x0000000000000000, Narrow klass shift: 3
Compressed class space size: 1073741824 Address: 0x0000000100000000

Heap:
 PSYoungGen      total 252928K, used 211527K [0x00000000e0000000, 0x00000000f3100000, 0x0000000100000000)
  eden space 227328K, 81% used [0x00000000e0000000,0x00000000eb5aad60,0x00000000ede00000)
  from space 25600K, 99% used [0x00000000f1800000,0x00000000f30e7040,0x00000000f3100000)
  to   space 31744K, 0% used [0x00000000ef300000,0x00000000ef300000,0x00000000f1200000)
 ParOldGen       total 139776K, used 57708K [0x00000000a0000000, 0x00000000a8880000, 0x00000000e0000000)
  object space 139776K, 41% used [0x00000000a0000000,0x00000000a385b3e8,0x00000000a8880000)
 Metaspace       used 83865K, capacity 88736K, committed 88960K, reserved 1126400K
  class space    used 10950K, capacity 11833K, committed 11904K, reserved 1048576K

Card table byte_map: [0x0000000011a30000,0x0000000011d40000] byte_map_base: 0x0000000011530000

Marking Bits: (ParMarkBitMap*) 0x0000000065329f30
 Begin Bits: [0x0000000012340000, 0x0000000013b40000)
 End Bits:   [0x0000000013b40000, 0x0000000015340000)

Polling page: 0x00000000022f0000

CodeCache: size=245760Kb used=41433Kb max_used=41649Kb free=204326Kb
 bounds [0x0000000002670000, 0x0000000004f60000, 0x0000000011670000]
 total_blobs=12949 nmethods=12099 adapters=762
 compilation: enabled

Compilation events (10 events):
Event: 1766.581 Thread 0x0000000015fe8800 nmethod 14657 0x0000000003ae1050 code [0x0000000003ae1260, 0x0000000003ae1b00]
Event: 1766.582 Thread 0x0000000015fe8800 14661       4       org.gradle.api.internal.artifacts.ivyservice.resolveengine.result.DependencyResultSerializer::write (88 bytes)
Event: 1766.590 Thread 0x0000000015fe8800 nmethod 14661 0x0000000003db4610 code [0x0000000003db47e0, 0x0000000003db4d40]
Event: 1766.592 Thread 0x0000000015fe8800 14662       4       org.gradle.internal.serialize.kryo.StringDeduplicatingKryoBackedEncoder::writeBoolean (9 bytes)
Event: 1766.593 Thread 0x0000000015fe8800 nmethod 14662 0x0000000003b55d10 code [0x0000000003b55e60, 0x0000000003b55f88]
Event: 1766.595 Thread 0x0000000015fe8800 14663       4       org.gradle.api.internal.artifacts.ivyservice.resolveengine.graph.builder.EdgeState::getSelected (8 bytes)
Event: 1766.595 Thread 0x0000000015fe8800 nmethod 14663 0x00000000038d4790 code [0x00000000038d48c0, 0x00000000038d4958]
Event: 1766.597 Thread 0x0000000015fe8800 14660       4       org.gradle.api.internal.artifacts.ivyservice.ivyresolve.CachingModuleComponentRepository::getName (10 bytes)
Event: 1766.597 Thread 0x0000000015fe8800 nmethod 14660 0x00000000042c8990 code [0x00000000042c8ae0, 0x00000000042c8b78]
Event: 1766.748 Thread 0x0000000015fe8800 14665   !   4       java.nio.file.Files::walkFileTree (355 bytes)

GC Heap History (10 events):
Event: 20.384 GC heap before
{Heap before GC invocations=17 (full 3):
 PSYoungGen      total 184320K, used 181832K [0x00000000e0000000, 0x00000000ee800000, 0x0000000100000000)
  eden space 167936K, 100% used [0x00000000e0000000,0x00000000ea400000,0x00000000ea400000)
  from space 16384K, 84% used [0x00000000ea400000,0x00000000eb1920f0,0x00000000eb400000)
  to   space 17408K, 0% used [0x00000000ed700000,0x00000000ed700000,0x00000000ee800000)
 ParOldGen       total 139776K, used 33143K [0x00000000a0000000, 0x00000000a8880000, 0x00000000e0000000)
  object space 139776K, 23% used [0x00000000a0000000,0x00000000a205dde8,0x00000000a8880000)
 Metaspace       used 68146K, capacity 70678K, committed 71040K, reserved 1110016K
  class space    used 8931K, capacity 9482K, committed 9600K, reserved 1048576K
Event: 20.444 GC heap after
Heap after GC invocations=17 (full 3):
 PSYoungGen      total 215552K, used 17408K [0x00000000e0000000, 0x00000000ef600000, 0x0000000100000000)
  eden space 198144K, 0% used [0x00000000e0000000,0x00000000e0000000,0x00000000ec180000)
  from space 17408K, 100% used [0x00000000ed700000,0x00000000ee800000,0x00000000ee800000)
  to   space 22016K, 0% used [0x00000000ec180000,0x00000000ec180000,0x00000000ed700000)
 ParOldGen       total 139776K, used 40245K [0x00000000a0000000, 0x00000000a8880000, 0x00000000e0000000)
  object space 139776K, 28% used [0x00000000a0000000,0x00000000a274d4f8,0x00000000a8880000)
 Metaspace       used 68146K, capacity 70678K, committed 71040K, reserved 1110016K
  class space    used 8931K, capacity 9482K, committed 9600K, reserved 1048576K
}
Event: 24.290 GC heap before
{Heap before GC invocations=18 (full 3):
 PSYoungGen      total 215552K, used 215552K [0x00000000e0000000, 0x00000000ef600000, 0x0000000100000000)
  eden space 198144K, 100% used [0x00000000e0000000,0x00000000ec180000,0x00000000ec180000)
  from space 17408K, 100% used [0x00000000ed700000,0x00000000ee800000,0x00000000ee800000)
  to   space 22016K, 0% used [0x00000000ec180000,0x00000000ec180000,0x00000000ed700000)
 ParOldGen       total 139776K, used 40245K [0x00000000a0000000, 0x00000000a8880000, 0x00000000e0000000)
  object space 139776K, 28% used [0x00000000a0000000,0x00000000a274d4f8,0x00000000a8880000)
 Metaspace       used 75728K, capacity 78844K, committed 78976K, reserved 1118208K
  class space    used 9944K, capacity 10568K, committed 10624K, reserved 1048576K
Event: 24.330 GC heap after
Heap after GC invocations=18 (full 3):
 PSYoungGen      total 220160K, used 16660K [0x00000000e0000000, 0x00000000f1a80000, 0x0000000100000000)
  eden space 198144K, 0% used [0x00000000e0000000,0x00000000e0000000,0x00000000ec180000)
  from space 22016K, 75% used [0x00000000ec180000,0x00000000ed1c5398,0x00000000ed700000)
  to   space 23552K, 0% used [0x00000000f0380000,0x00000000f0380000,0x00000000f1a80000)
 ParOldGen       total 139776K, used 57692K [0x00000000a0000000, 0x00000000a8880000, 0x00000000e0000000)
  object space 139776K, 41% used [0x00000000a0000000,0x00000000a38573e8,0x00000000a8880000)
 Metaspace       used 75728K, capacity 78844K, committed 78976K, reserved 1118208K
  class space    used 9944K, capacity 10568K, committed 10624K, reserved 1048576K
}
Event: 1403.452 GC heap before
{Heap before GC invocations=19 (full 3):
 PSYoungGen      total 220160K, used 214804K [0x00000000e0000000, 0x00000000f1a80000, 0x0000000100000000)
  eden space 198144K, 100% used [0x00000000e0000000,0x00000000ec180000,0x00000000ec180000)
  from space 22016K, 75% used [0x00000000ec180000,0x00000000ed1c5398,0x00000000ed700000)
  to   space 23552K, 0% used [0x00000000f0380000,0x00000000f0380000,0x00000000f1a80000)
 ParOldGen       total 139776K, used 57692K [0x00000000a0000000, 0x00000000a8880000, 0x00000000e0000000)
  object space 139776K, 41% used [0x00000000a0000000,0x00000000a38573e8,0x00000000a8880000)
 Metaspace       used 79922K, capacity 84026K, committed 84224K, reserved 1122304K
  class space    used 10498K, capacity 11215K, committed 11264K, reserved 1048576K
Event: 1403.520 GC heap after
Heap after GC invocations=19 (full 3):
 PSYoungGen      total 255488K, used 20518K [0x00000000e0000000, 0x00000000f1800000, 0x0000000100000000)
  eden space 234496K, 0% used [0x00000000e0000000,0x00000000e0000000,0x00000000ee500000)
  from space 20992K, 97% used [0x00000000f0380000,0x00000000f1789818,0x00000000f1800000)
  to   space 25600K, 0% used [0x00000000ee600000,0x00000000ee600000,0x00000000eff00000)
 ParOldGen       total 139776K, used 57700K [0x00000000a0000000, 0x00000000a8880000, 0x00000000e0000000)
  object space 139776K, 41% used [0x00000000a0000000,0x00000000a38593e8,0x00000000a8880000)
 Metaspace       used 79922K, capacity 84026K, committed 84224K, reserved 1122304K
  class space    used 10498K, capacity 11215K, committed 11264K, reserved 1048576K
}
Event: 1452.540 GC heap before
{Heap before GC invocations=20 (full 3):
 PSYoungGen      total 255488K, used 255014K [0x00000000e0000000, 0x00000000f1800000, 0x0000000100000000)
  eden space 234496K, 100% used [0x00000000e0000000,0x00000000ee500000,0x00000000ee500000)
  from space 20992K, 97% used [0x00000000f0380000,0x00000000f1789818,0x00000000f1800000)
  to   space 25600K, 0% used [0x00000000ee600000,0x00000000ee600000,0x00000000eff00000)
 ParOldGen       total 139776K, used 57700K [0x00000000a0000000, 0x00000000a8880000, 0x00000000e0000000)
  object space 139776K, 41% used [0x00000000a0000000,0x00000000a38593e8,0x00000000a8880000)
 Metaspace       used 83046K, capacity 87400K, committed 87552K, reserved 1124352K
  class space    used 10874K, capacity 11697K, committed 11776K, reserved 1048576K
Event: 1452.571 GC heap after
Heap after GC invocations=20 (full 3):
 PSYoungGen      total 261120K, used 24595K [0x00000000e0000000, 0x00000000f3400000, 0x0000000100000000)
  eden space 235520K, 0% used [0x00000000e0000000,0x00000000e0000000,0x00000000ee600000)
  from space 25600K, 96% used [0x00000000ee600000,0x00000000efe04c98,0x00000000eff00000)
  to   space 28672K, 0% used [0x00000000f1800000,0x00000000f1800000,0x00000000f3400000)
 ParOldGen       total 139776K, used 57700K [0x00000000a0000000, 0x00000000a8880000, 0x00000000e0000000)
  object space 139776K, 41% used [0x00000000a0000000,0x00000000a38593e8,0x00000000a8880000)
 Metaspace       used 83046K, capacity 87400K, committed 87552K, reserved 1124352K
  class space    used 10874K, capacity 11697K, committed 11776K, reserved 1048576K
}
Event: 1540.912 GC heap before
{Heap before GC invocations=21 (full 3):
 PSYoungGen      total 261120K, used 260115K [0x00000000e0000000, 0x00000000f3400000, 0x0000000100000000)
  eden space 235520K, 100% used [0x00000000e0000000,0x00000000ee600000,0x00000000ee600000)
  from space 25600K, 96% used [0x00000000ee600000,0x00000000efe04c98,0x00000000eff00000)
  to   space 28672K, 0% used [0x00000000f1800000,0x00000000f1800000,0x00000000f3400000)
 ParOldGen       total 139776K, used 57700K [0x00000000a0000000, 0x00000000a8880000, 0x00000000e0000000)
  object space 139776K, 41% used [0x00000000a0000000,0x00000000a38593e8,0x00000000a8880000)
 Metaspace       used 83456K, capacity 87926K, committed 88064K, reserved 1126400K
  class space    used 10893K, capacity 11730K, committed 11776K, reserved 1048576K
Event: 1540.946 GC heap after
Heap after GC invocations=21 (full 3):
 PSYoungGen      total 252928K, used 25500K [0x00000000e0000000, 0x00000000f3100000, 0x0000000100000000)
  eden space 227328K, 0% used [0x00000000e0000000,0x00000000e0000000,0x00000000ede00000)
  from space 25600K, 99% used [0x00000000f1800000,0x00000000f30e7040,0x00000000f3100000)
  to   space 31744K, 0% used [0x00000000ef300000,0x00000000ef300000,0x00000000f1200000)
 ParOldGen       total 139776K, used 57708K [0x00000000a0000000, 0x00000000a8880000, 0x00000000e0000000)
  object space 139776K, 41% used [0x00000000a0000000,0x00000000a385b3e8,0x00000000a8880000)
 Metaspace       used 83456K, capacity 87926K, committed 88064K, reserved 1126400K
  class space    used 10893K, capacity 11730K, committed 11776K, reserved 1048576K
}

Deoptimization events (10 events):
Event: 1454.069 Thread 0x0000000018790800 Uncommon trap: reason=unstable_if action=reinterpret pc=0x0000000003223c50 method=java.util.concurrent.ConcurrentLinkedQueue.offer(Ljava/lang/Object;)Z @ 40
Event: 1540.080 Thread 0x000000001a5c2000 Uncommon trap: reason=array_check action=maybe_recompile pc=0x0000000004b26374 method=java.util.ComparableTimSort.binarySort([Ljava/lang/Object;III)V @ 215
Event: 1540.153 Thread 0x000000001a5c2000 Uncommon trap: reason=null_check action=make_not_entrant pc=0x0000000004b71c00 method=org.codehaus.groovy.runtime.typehandling.DefaultTypeTransformation.castToType(Ljava/lang/Object;Ljava/lang/Class;)Ljava/lang/Object; @ 65
Event: 1540.901 Thread 0x0000000018792000 Uncommon trap: reason=unstable_if action=reinterpret pc=0x00000000045fd2e8 method=java.util.concurrent.locks.AbstractQueuedSynchronizer.findNodeFromTail(Ljava/util/concurrent/locks/AbstractQueuedSynchronizer$Node;)Z @ 7
Event: 1541.143 Thread 0x000000001a5be000 Uncommon trap: reason=unstable_if action=reinterpret pc=0x00000000042c8b80 method=java.util.concurrent.locks.ReentrantLock$Sync.nonfairTryAcquire(I)Z @ 19
Event: 1541.170 Thread 0x000000001a5c2000 Uncommon trap: reason=array_check action=maybe_recompile pc=0x0000000004d8d618 method=java.util.ComparableTimSort.binarySort([Ljava/lang/Object;III)V @ 193
Event: 1541.172 Thread 0x000000001a5c2000 Uncommon trap: reason=array_check action=maybe_recompile pc=0x0000000004d8d618 method=java.util.ComparableTimSort.binarySort([Ljava/lang/Object;III)V @ 193
Event: 1541.215 Thread 0x000000001a5c2000 Uncommon trap: reason=array_check action=maybe_recompile pc=0x0000000004d8d618 method=java.util.ComparableTimSort.binarySort([Ljava/lang/Object;III)V @ 193
Event: 1766.029 Thread 0x000000001a5c1000 Uncommon trap: reason=array_check action=maybe_recompile pc=0x0000000004b26374 method=java.util.ComparableTimSort.binarySort([Ljava/lang/Object;III)V @ 215
Event: 1766.317 Thread 0x000000001a5c2800 Uncommon trap: reason=unstable_if action=reinterpret pc=0x00000000042c82b4 method=com.esotericsoftware.kryo.io.Output.writeVarLong(JZ)I @ 55

Classes redefined (0 events):
No events

Internal exceptions (10 events):
Event: 1452.677 Thread 0x000000001a5c0000 Exception <a 'java/net/UnknownHostException': dl.google.com> (0x00000000e0b837b8) thrown at [D:\src\AOSP-openjdk-cygwin\jdk8u\hotspot\src\share\vm\prims\jni.cpp, line 736]
Event: 1452.683 Thread 0x000000001a5c0000 Exception <a 'java/net/UnknownHostException': jcenter.bintray.com> (0x00000000e0c2cf00) thrown at [D:\src\AOSP-openjdk-cygwin\jdk8u\hotspot\src\share\vm\prims\jni.cpp, line 736]
Event: 1454.410 Thread 0x0000000018790800 Exception <a 'sun/nio/fs/WindowsException'> (0x00000000e817e1f0) thrown at [D:\src\AOSP-openjdk-cygwin\jdk8u\hotspot\src\share\vm\prims\jni.cpp, line 710]
Event: 1539.707 Thread 0x000000001a5c2000 Exception <a 'sun/nio/fs/WindowsException'> (0x00000000e9641bb8) thrown at [D:\src\AOSP-openjdk-cygwin\jdk8u\hotspot\src\share\vm\prims\jni.cpp, line 710]
Event: 1540.346 Thread 0x000000001a5c2000 Exception <a 'java/net/UnknownHostException': dl.google.com> (0x00000000eb789b18) thrown at [D:\src\AOSP-openjdk-cygwin\jdk8u\hotspot\src\share\vm\prims\jni.cpp, line 736]
Event: 1540.349 Thread 0x000000001a5be000 Exception <a 'java/net/UnknownHostException': jcenter.bintray.com> (0x00000000eb87e130) thrown at [D:\src\AOSP-openjdk-cygwin\jdk8u\hotspot\src\share\vm\prims\jni.cpp, line 736]
Event: 1541.838 Thread 0x000000001a5c2000 Exception <a 'sun/nio/fs/WindowsException'> (0x00000000e5475f90) thrown at [D:\src\AOSP-openjdk-cygwin\jdk8u\hotspot\src\share\vm\prims\jni.cpp, line 710]
Event: 1765.868 Thread 0x000000001a5c1000 Exception <a 'sun/nio/fs/WindowsException'> (0x00000000e684e2a0) thrown at [D:\src\AOSP-openjdk-cygwin\jdk8u\hotspot\src\share\vm\prims\jni.cpp, line 710]
Event: 1766.314 Thread 0x000000001a5c5000 Exception <a 'java/net/UnknownHostException': dl.google.com> (0x00000000e6744260) thrown at [D:\src\AOSP-openjdk-cygwin\jdk8u\hotspot\src\share\vm\prims\jni.cpp, line 736]
Event: 1766.318 Thread 0x000000001a5c5000 Exception <a 'java/net/UnknownHostException': jcenter.bintray.com> (0x00000000e88d66b0) thrown at [D:\src\AOSP-openjdk-cygwin\jdk8u\hotspot\src\share\vm\prims\jni.cpp, line 736]

Events (10 events):
Event: 1766.594 Thread 0x0000000015fe8800 flushing nmethod 0x00000000041e9a90
Event: 1766.594 Thread 0x0000000015fe8800 flushing nmethod 0x00000000042c8990
Event: 1766.594 Thread 0x0000000015fe8800 flushing nmethod 0x00000000043022d0
Event: 1766.596 Thread 0x0000000015fe8800 flushing nmethod 0x0000000004627450
Event: 1766.598 Thread 0x0000000015fe8800 flushing nmethod 0x000000000491d2d0
Event: 1766.599 Thread 0x0000000015fe8800 flushing nmethod 0x0000000004979610
Event: 1766.759 Executing VM operation: RevokeBias
Event: 1766.759 Executing VM operation: RevokeBias done
Event: 1766.759 Executing VM operation: RevokeBias
Event: 1766.759 Executing VM operation: RevokeBias done


Dynamic libraries:
0x00007ff75ead0000 - 0x00007ff75eb01000 	C:\Program Files\Android\Android Studio\jre\bin\java.exe
0x00007ff8ff040000 - 0x00007ff8ff221000 	C:\Windows\SYSTEM32\ntdll.dll
0x00007ff8e4cb0000 - 0x00007ff8e4cc4000 	C:\Program Files\AVAST Software\Avast\aswhook.dll
0x00007ff8fc780000 - 0x00007ff8fc831000 	C:\Windows\System32\KERNEL32.DLL
0x00007ff8fb490000 - 0x00007ff8fb703000 	C:\Windows\System32\KERNELBASE.dll
0x00007ff8fcc20000 - 0x00007ff8fccc1000 	C:\Windows\System32\ADVAPI32.dll
0x00007ff8fccd0000 - 0x00007ff8fcd6e000 	C:\Windows\System32\msvcrt.dll
0x00007ff8fe5e0000 - 0x00007ff8fe63b000 	C:\Windows\System32\sechost.dll
0x00007ff8fc650000 - 0x00007ff8fc774000 	C:\Windows\System32\RPCRT4.dll
0x00007ff8fc4b0000 - 0x00007ff8fc641000 	C:\Windows\System32\USER32.dll
0x00007ff8fba80000 - 0x00007ff8fbaa0000 	C:\Windows\System32\win32u.dll
0x00007ff8fe810000 - 0x00007ff8fe838000 	C:\Windows\System32\GDI32.dll
0x00007ff8fb810000 - 0x00007ff8fb9a1000 	C:\Windows\System32\gdi32full.dll
0x00007ff8fb3f0000 - 0x00007ff8fb48f000 	C:\Windows\System32\msvcp_win.dll
0x00007ff8fb710000 - 0x00007ff8fb808000 	C:\Windows\System32\ucrtbase.dll
0x00007ff8e47d0000 - 0x00007ff8e4a39000 	C:\Windows\WinSxS\amd64_microsoft.windows.common-controls_6595b64144ccf1df_6.0.17134.1098_none_d4048e017c8c2390\COMCTL32.dll
0x00007ff8fc8d0000 - 0x00007ff8fcbf1000 	C:\Windows\System32\combase.dll
0x00007ff8fba00000 - 0x00007ff8fba79000 	C:\Windows\System32\bcryptPrimitives.dll
0x00007ff8fcdd0000 - 0x00007ff8fcdfd000 	C:\Windows\System32\IMM32.DLL
0x00000000649a0000 - 0x0000000064a72000 	C:\Program Files\Android\Android Studio\jre\jre\bin\msvcr100.dll
0x0000000064b60000 - 0x00000000653a6000 	C:\Program Files\Android\Android Studio\jre\jre\bin\server\jvm.dll
0x00007ff8fe530000 - 0x00007ff8fe538000 	C:\Windows\System32\PSAPI.DLL
0x00007ff8e8190000 - 0x00007ff8e8199000 	C:\Windows\SYSTEM32\WSOCK32.dll
0x00007ff8fefa0000 - 0x00007ff8ff00c000 	C:\Windows\System32\WS2_32.dll
0x00007ff8f6180000 - 0x00007ff8f61a3000 	C:\Windows\SYSTEM32\WINMM.dll
0x00007ff8ee200000 - 0x00007ff8ee20a000 	C:\Windows\SYSTEM32\VERSION.dll
0x00007ff8f6070000 - 0x00007ff8f609a000 	C:\Windows\SYSTEM32\WINMMBASE.dll
0x00007ff8fb9b0000 - 0x00007ff8fb9f9000 	C:\Windows\System32\cfgmgr32.dll
0x00007ff8f4990000 - 0x00007ff8f499f000 	C:\Program Files\Android\Android Studio\jre\jre\bin\verify.dll
0x00007ff8ddce0000 - 0x00007ff8ddd09000 	C:\Program Files\Android\Android Studio\jre\jre\bin\java.dll
0x00007ff8f0d50000 - 0x00007ff8f0d66000 	C:\Program Files\Android\Android Studio\jre\jre\bin\zip.dll
0x00007ff8fcf80000 - 0x00007ff8fe3c5000 	C:\Windows\System32\SHELL32.dll
0x00007ff8feef0000 - 0x00007ff8fef99000 	C:\Windows\System32\shcore.dll
0x00007ff8fbda0000 - 0x00007ff8fc4b0000 	C:\Windows\System32\windows.storage.dll
0x00007ff8fee30000 - 0x00007ff8fee81000 	C:\Windows\System32\shlwapi.dll
0x00007ff8fb3b0000 - 0x00007ff8fb3c1000 	C:\Windows\System32\kernel.appcore.dll
0x00007ff8fb3d0000 - 0x00007ff8fb3ef000 	C:\Windows\System32\profapi.dll
0x00007ff8fb360000 - 0x00007ff8fb3ac000 	C:\Windows\System32\powrprof.dll
0x00007ff8fb330000 - 0x00007ff8fb33a000 	C:\Windows\System32\FLTLIB.DLL
0x00007ff8ec380000 - 0x00007ff8ec39a000 	C:\Program Files\Android\Android Studio\jre\jre\bin\net.dll
0x00007ff8fab50000 - 0x00007ff8fabb6000 	C:\Windows\system32\mswsock.dll
0x00007ff8eb2b0000 - 0x00007ff8eb2c1000 	C:\Program Files\Android\Android Studio\jre\jre\bin\nio.dll
0x00007ff8cba10000 - 0x00007ff8cba36000 	C:\Users\Alva Gani\.gradle\native\29\windows-amd64\native-platform.dll
0x00007ff8f1490000 - 0x00007ff8f149d000 	C:\Program Files\Android\Android Studio\jre\jre\bin\management.dll
0x00007ff8fad00000 - 0x00007ff8fad17000 	C:\Windows\SYSTEM32\CRYPTSP.dll
0x00007ff8fa700000 - 0x00007ff8fa733000 	C:\Windows\system32\rsaenh.dll
0x00007ff8fae90000 - 0x00007ff8faeb5000 	C:\Windows\SYSTEM32\bcrypt.dll
0x00007ff8fb230000 - 0x00007ff8fb258000 	C:\Windows\SYSTEM32\USERENV.dll
0x00007ff8fad20000 - 0x00007ff8fad2b000 	C:\Windows\SYSTEM32\CRYPTBASE.dll
0x00007ff8fa8a0000 - 0x00007ff8fa8d8000 	C:\Windows\SYSTEM32\IPHLPAPI.DLL
0x00007ff8fe800000 - 0x00007ff8fe808000 	C:\Windows\System32\NSI.dll
0x00007ff8ecce0000 - 0x00007ff8eccf6000 	C:\Windows\SYSTEM32\dhcpcsvc6.DLL
0x00007ff8edd00000 - 0x00007ff8edd1a000 	C:\Windows\SYSTEM32\dhcpcsvc.DLL
0x00007ff8ddcb0000 - 0x00007ff8ddcd4000 	C:\Program Files\Android\Android Studio\jre\jre\bin\sunec.dll
0x00007ff8fa8e0000 - 0x00007ff8fa99e000 	C:\Windows\SYSTEM32\DNSAPI.dll
0x00007ff8e8c80000 - 0x00007ff8e8c8a000 	C:\Windows\System32\rasadhlp.dll

VM Arguments:
jvm_args: -Xmx1536m -Dfile.encoding=windows-1252 -Duser.country=ID -Duser.language=en -Duser.variant 
java_command: org.gradle.launcher.daemon.bootstrap.GradleDaemon 5.4.1
java_class_path (initial): C:\Users\Alva Gani\.gradle\wrapper\dists\gradle-5.4.1-all\3221gyojl5jsh0helicew7rwx\gradle-5.4.1\lib\gradle-launcher-5.4.1.jar
Launcher Type: SUN_STANDARD

Environment Variables:
PATH=C:\ProgramData\Oracle\Java\javapath;C:\Windows\system32;C:\Windows;C:\Windows\System32\Wbem;C:\Windows\System32\WindowsPowerShell\v1.0\;C:\Windows\System32\OpenSSH\;C:\Go\bin;C:\Program Files (x86)\Rational\common;C:\Users\Alva Gani\AppData\Local\Microsoft\WindowsApps;C:\Users\Alva Gani\go\bin;C:\Users\Alva Gani\AppData\Local\Programs\Microsoft VS Code\bin
USERNAME=Alva Gani
OS=Windows_NT
PROCESSOR_IDENTIFIER=Intel64 Family 6 Model 78 Stepping 3, GenuineIntel



---------------  S Y S T E M  ---------------

OS: Windows 10.0 , 64 bit Build 17134 (10.0.17134.753)

CPU:total 4 (initial active 4) (2 cores per cpu, 2 threads per core) family 6 model 78 stepping 3, cmov, cx8, fxsr, mmx, sse, sse2, sse3, ssse3, sse4.1, sse4.2, popcnt, avx, avx2, aes, clmul, erms, 3dnowpref, lzcnt, ht, tsc, tscinvbit, bmi1, bmi2, adx

Memory: 4k page, physical 8282712k(526296k free), swap 33448536k(4260k free)

vm_info: OpenJDK 64-Bit Server VM (25.202-b03) for windows-amd64 JRE (1.8.0_202-release-1483-b03), built by "builder" with MS VC++ 10.0 (VS2010)

time: Wed Nov 20 15:46:58 2019
timezone: SE Asia Standard Time
elapsed time: 1766 seconds (0d 0h 29m 26s)

